Compiled jquery.js  (0ms)  (pid 14164)
Compiled jquery_ujs.js  (0ms)  (pid 14164)
Compiled comments.js  (430ms)  (pid 14164)
Compiled pages.js  (210ms)  (pid 14164)
Compiled store.js  (207ms)  (pid 14164)
Compiled application.js  (1027ms)  (pid 14164)
Compiled comments.css  (42ms)  (pid 14164)
Compiled pages.css  (13ms)  (pid 14164)
Compiled scaffolds.css  (26ms)  (pid 14164)
Compiled store.css  (14ms)  (pid 14164)
Compiled application.css  (210ms)  (pid 14164)
Compiled jquery.js  (0ms)  (pid 2192)
Compiled jquery_ujs.js  (0ms)  (pid 2192)
Compiled comments.js  (280ms)  (pid 2192)
Compiled pages.js  (124ms)  (pid 2192)
Compiled store.js  (140ms)  (pid 2192)
Compiled application.js  (639ms)  (pid 2192)
Compiled comments.css  (31ms)  (pid 2192)
Compiled pages.css  (0ms)  (pid 2192)
Compiled scaffolds.css  (31ms)  (pid 2192)
Compiled store.css  (93ms)  (pid 2192)
Compiled application.css  (218ms)  (pid 2192)
